  Enemy.cpp
C:\Users\HappyHarvey\Desktop\New PROG50016 Project 1\New PROG50016 Project 1\New PROG50016 Project 1\Enemy.cpp(28,91): warning C4244: 'argument': conversion from 'double' to 'float', possible loss of data
C:\Users\HappyHarvey\Desktop\New PROG50016 Project 1\New PROG50016 Project 1\New PROG50016 Project 1\Enemy.cpp(28,59): warning C4244: 'argument': conversion from 'double' to 'float', possible loss of data
sfml-graphics.lib(BlendMode.cpp.obj) : warning LNK4099: PDB 'sfml-graphics-s-d.pdb' was not found with 'sfml-graphics.lib(BlendMode.cpp.obj)' or at 'C:\Users\HappyHarvey\Desktop\New PROG50016 Project 1\New PROG50016 Project 1\Debug\sfml-graphics-s-d.pdb'; linking object as if no debug info
sfml-graphics.lib(Color.cpp.obj) : warning LNK4099: PDB 'sfml-graphics-s-d.pdb' was not found with 'sfml-graphics.lib(Color.cpp.obj)' or at 'C:\Users\HappyHarvey\Desktop\New PROG50016 Project 1\New PROG50016 Project 1\Debug\sfml-graphics-s-d.pdb'; linking object as if no debug info
sfml-graphics.lib(Font.cpp.obj) : warning LNK4099: PDB 'sfml-graphics-s-d.pdb' was not found with 'sfml-graphics.lib(Font.cpp.obj)' or at 'C:\Users\HappyHarvey\Desktop\New PROG50016 Project 1\New PROG50016 Project 1\Debug\sfml-graphics-s-d.pdb'; linking object as if no debug info
sfml-graphics.lib(Glsl.cpp.obj) : warning LNK4099: PDB 'sfml-graphics-s-d.pdb' was not found with 'sfml-graphics.lib(Glsl.cpp.obj)' or at 'C:\Users\HappyHarvey\Desktop\New PROG50016 Project 1\New PROG50016 Project 1\Debug\sfml-graphics-s-d.pdb'; linking object as if no debug info
sfml-graphics.lib(GLCheck.cpp.obj) : warning LNK4099: PDB 'sfml-graphics-s-d.pdb' was not found with 'sfml-graphics.lib(GLCheck.cpp.obj)' or at 'C:\Users\HappyHarvey\Desktop\New PROG50016 Project 1\New PROG50016 Project 1\Debug\sfml-graphics-s-d.pdb'; linking object as if no debug info
sfml-graphics.lib(GLExtensions.cpp.obj) : warning LNK4099: PDB 'sfml-graphics-s-d.pdb' was not found with 'sfml-graphics.lib(GLExtensions.cpp.obj)' or at 'C:\Users\HappyHarvey\Desktop\New PROG50016 Project 1\New PROG50016 Project 1\Debug\sfml-graphics-s-d.pdb'; linking object as if no debug info
sfml-graphics.lib(Image.cpp.obj) : warning LNK4099: PDB 'sfml-graphics-s-d.pdb' was not found with 'sfml-graphics.lib(Image.cpp.obj)' or at 'C:\Users\HappyHarvey\Desktop\New PROG50016 Project 1\New PROG50016 Project 1\Debug\sfml-graphics-s-d.pdb'; linking object as if no debug info
sfml-graphics.lib(ImageLoader.cpp.obj) : warning LNK4099: PDB 'sfml-graphics-s-d.pdb' was not found with 'sfml-graphics.lib(ImageLoader.cpp.obj)' or at 'C:\Users\HappyHarvey\Desktop\New PROG50016 Project 1\New PROG50016 Project 1\Debug\sfml-graphics-s-d.pdb'; linking object as if no debug info
sfml-graphics.lib(RenderStates.cpp.obj) : warning LNK4099: PDB 'sfml-graphics-s-d.pdb' was not found with 'sfml-graphics.lib(RenderStates.cpp.obj)' or at 'C:\Users\HappyHarvey\Desktop\New PROG50016 Project 1\New PROG50016 Project 1\Debug\sfml-graphics-s-d.pdb'; linking object as if no debug info
sfml-graphics.lib(RenderTarget.cpp.obj) : warning LNK4099: PDB 'sfml-graphics-s-d.pdb' was not found with 'sfml-graphics.lib(RenderTarget.cpp.obj)' or at 'C:\Users\HappyHarvey\Desktop\New PROG50016 Project 1\New PROG50016 Project 1\Debug\sfml-graphics-s-d.pdb'; linking object as if no debug info
sfml-graphics.lib(RenderWindow.cpp.obj) : warning LNK4099: PDB 'sfml-graphics-s-d.pdb' was not found with 'sfml-graphics.lib(RenderWindow.cpp.obj)' or at 'C:\Users\HappyHarvey\Desktop\New PROG50016 Project 1\New PROG50016 Project 1\Debug\sfml-graphics-s-d.pdb'; linking object as if no debug info
sfml-graphics.lib(Shader.cpp.obj) : warning LNK4099: PDB 'sfml-graphics-s-d.pdb' was not found with 'sfml-graphics.lib(Shader.cpp.obj)' or at 'C:\Users\HappyHarvey\Desktop\New PROG50016 Project 1\New PROG50016 Project 1\Debug\sfml-graphics-s-d.pdb'; linking object as if no debug info
sfml-graphics.lib(Texture.cpp.obj) : warning LNK4099: PDB 'sfml-graphics-s-d.pdb' was not found with 'sfml-graphics.lib(Texture.cpp.obj)' or at 'C:\Users\HappyHarvey\Desktop\New PROG50016 Project 1\New PROG50016 Project 1\Debug\sfml-graphics-s-d.pdb'; linking object as if no debug info
sfml-graphics.lib(TextureSaver.cpp.obj) : warning LNK4099: PDB 'sfml-graphics-s-d.pdb' was not found with 'sfml-graphics.lib(TextureSaver.cpp.obj)' or at 'C:\Users\HappyHarvey\Desktop\New PROG50016 Project 1\New PROG50016 Project 1\Debug\sfml-graphics-s-d.pdb'; linking object as if no debug info
sfml-graphics.lib(Transform.cpp.obj) : warning LNK4099: PDB '' was not found with 'sfml-graphics.lib(Transform.cpp.obj)' or at ''; linking object as if no debug info
sfml-graphics.lib(Transformable.cpp.obj) : warning LNK4099: PDB 'sfml-graphics-s-d.pdb' was not found with 'sfml-graphics.lib(Transformable.cpp.obj)' or at 'C:\Users\HappyHarvey\Desktop\New PROG50016 Project 1\New PROG50016 Project 1\Debug\sfml-graphics-s-d.pdb'; linking object as if no debug info
sfml-graphics.lib(View.cpp.obj) : warning LNK4099: PDB 'sfml-graphics-s-d.pdb' was not found with 'sfml-graphics.lib(View.cpp.obj)' or at 'C:\Users\HappyHarvey\Desktop\New PROG50016 Project 1\New PROG50016 Project 1\Debug\sfml-graphics-s-d.pdb'; linking object as if no debug info
sfml-graphics.lib(Vertex.cpp.obj) : warning LNK4099: PDB 'sfml-graphics-s-d.pdb' was not found with 'sfml-graphics.lib(Vertex.cpp.obj)' or at 'C:\Users\HappyHarvey\Desktop\New PROG50016 Project 1\New PROG50016 Project 1\Debug\sfml-graphics-s-d.pdb'; linking object as if no debug info
sfml-graphics.lib(GLLoader.cpp.obj) : warning LNK4099: PDB 'sfml-graphics-s-d.pdb' was not found with 'sfml-graphics.lib(GLLoader.cpp.obj)' or at 'C:\Users\HappyHarvey\Desktop\New PROG50016 Project 1\New PROG50016 Project 1\Debug\sfml-graphics-s-d.pdb'; linking object as if no debug info
sfml-graphics.lib(Sprite.cpp.obj) : warning LNK4099: PDB 'sfml-graphics-s-d.pdb' was not found with 'sfml-graphics.lib(Sprite.cpp.obj)' or at 'C:\Users\HappyHarvey\Desktop\New PROG50016 Project 1\New PROG50016 Project 1\Debug\sfml-graphics-s-d.pdb'; linking object as if no debug info
sfml-graphics.lib(Text.cpp.obj) : warning LNK4099: PDB 'sfml-graphics-s-d.pdb' was not found with 'sfml-graphics.lib(Text.cpp.obj)' or at 'C:\Users\HappyHarvey\Desktop\New PROG50016 Project 1\New PROG50016 Project 1\Debug\sfml-graphics-s-d.pdb'; linking object as if no debug info
sfml-graphics.lib(VertexArray.cpp.obj) : warning LNK4099: PDB 'sfml-graphics-s-d.pdb' was not found with 'sfml-graphics.lib(VertexArray.cpp.obj)' or at 'C:\Users\HappyHarvey\Desktop\New PROG50016 Project 1\New PROG50016 Project 1\Debug\sfml-graphics-s-d.pdb'; linking object as if no debug info
sfml-graphics.lib(VertexBuffer.cpp.obj) : warning LNK4099: PDB 'sfml-graphics-s-d.pdb' was not found with 'sfml-graphics.lib(VertexBuffer.cpp.obj)' or at 'C:\Users\HappyHarvey\Desktop\New PROG50016 Project 1\New PROG50016 Project 1\Debug\sfml-graphics-s-d.pdb'; linking object as if no debug info
sfml-graphics.lib(RenderTextureImpl.cpp.obj) : warning LNK4099: PDB 'sfml-graphics-s-d.pdb' was not found with 'sfml-graphics.lib(RenderTextureImpl.cpp.obj)' or at 'C:\Users\HappyHarvey\Desktop\New PROG50016 Project 1\New PROG50016 Project 1\Debug\sfml-graphics-s-d.pdb'; linking object as if no debug info
sfml-graphics.lib(RenderTextureImplFBO.cpp.obj) : warning LNK4099: PDB '' was not found with 'sfml-graphics.lib(RenderTextureImplFBO.cpp.obj)' or at ''; linking object as if no debug info
sfml-system.lib(Clock.cpp.obj) : warning LNK4099: PDB '' was not found with 'sfml-system.lib(Clock.cpp.obj)' or at ''; linking object as if no debug info
sfml-system.lib(Err.cpp.obj) : warning LNK4099: PDB 'sfml-system-s-d.pdb' was not found with 'sfml-system.lib(Err.cpp.obj)' or at 'C:\Users\HappyHarvey\Desktop\New PROG50016 Project 1\New PROG50016 Project 1\Debug\sfml-system-s-d.pdb'; linking object as if no debug info
sfml-system.lib(Lock.cpp.obj) : warning LNK4099: PDB 'sfml-system-s-d.pdb' was not found with 'sfml-system.lib(Lock.cpp.obj)' or at 'C:\Users\HappyHarvey\Desktop\New PROG50016 Project 1\New PROG50016 Project 1\Debug\sfml-system-s-d.pdb'; linking object as if no debug info
sfml-system.lib(Mutex.cpp.obj) : warning LNK4099: PDB '' was not found with 'sfml-system.lib(Mutex.cpp.obj)' or at ''; linking object as if no debug info
sfml-system.lib(Sleep.cpp.obj) : warning LNK4099: PDB 'sfml-system-s-d.pdb' was not found with 'sfml-system.lib(Sleep.cpp.obj)' or at 'C:\Users\HappyHarvey\Desktop\New PROG50016 Project 1\New PROG50016 Project 1\Debug\sfml-system-s-d.pdb'; linking object as if no debug info
sfml-system.lib(String.cpp.obj) : warning LNK4099: PDB 'sfml-system-s-d.pdb' was not found with 'sfml-system.lib(String.cpp.obj)' or at 'C:\Users\HappyHarvey\Desktop\New PROG50016 Project 1\New PROG50016 Project 1\Debug\sfml-system-s-d.pdb'; linking object as if no debug info
sfml-system.lib(ThreadLocal.cpp.obj) : warning LNK4099: PDB 'sfml-system-s-d.pdb' was not found with 'sfml-system.lib(ThreadLocal.cpp.obj)' or at 'C:\Users\HappyHarvey\Desktop\New PROG50016 Project 1\New PROG50016 Project 1\Debug\sfml-system-s-d.pdb'; linking object as if no debug info
sfml-system.lib(Time.cpp.obj) : warning LNK4099: PDB 'sfml-system-s-d.pdb' was not found with 'sfml-system.lib(Time.cpp.obj)' or at 'C:\Users\HappyHarvey\Desktop\New PROG50016 Project 1\New PROG50016 Project 1\Debug\sfml-system-s-d.pdb'; linking object as if no debug info
sfml-system.lib(ClockImpl.cpp.obj) : warning LNK4099: PDB 'sfml-system-s-d.pdb' was not found with 'sfml-system.lib(ClockImpl.cpp.obj)' or at 'C:\Users\HappyHarvey\Desktop\New PROG50016 Project 1\New PROG50016 Project 1\Debug\sfml-system-s-d.pdb'; linking object as if no debug info
sfml-system.lib(MutexImpl.cpp.obj) : warning LNK4099: PDB '' was not found with 'sfml-system.lib(MutexImpl.cpp.obj)' or at ''; linking object as if no debug info
sfml-system.lib(SleepImpl.cpp.obj) : warning LNK4099: PDB 'sfml-system-s-d.pdb' was not found with 'sfml-system.lib(SleepImpl.cpp.obj)' or at 'C:\Users\HappyHarvey\Desktop\New PROG50016 Project 1\New PROG50016 Project 1\Debug\sfml-system-s-d.pdb'; linking object as if no debug info
sfml-system.lib(ThreadLocalImpl.cpp.obj) : warning LNK4099: PDB 'sfml-system-s-d.pdb' was not found with 'sfml-system.lib(ThreadLocalImpl.cpp.obj)' or at 'C:\Users\HappyHarvey\Desktop\New PROG50016 Project 1\New PROG50016 Project 1\Debug\sfml-system-s-d.pdb'; linking object as if no debug info
sfml-window.lib(Context.cpp.obj) : warning LNK4099: PDB 'sfml-window-s-d.pdb' was not found with 'sfml-window.lib(Context.cpp.obj)' or at 'C:\Users\HappyHarvey\Desktop\New PROG50016 Project 1\New PROG50016 Project 1\Debug\sfml-window-s-d.pdb'; linking object as if no debug info
sfml-window.lib(Cursor.cpp.obj) : warning LNK4099: PDB '' was not found with 'sfml-window.lib(Cursor.cpp.obj)' or at ''; linking object as if no debug info
sfml-window.lib(GlContext.cpp.obj) : warning LNK4099: PDB 'sfml-window-s-d.pdb' was not found with 'sfml-window.lib(GlContext.cpp.obj)' or at 'C:\Users\HappyHarvey\Desktop\New PROG50016 Project 1\New PROG50016 Project 1\Debug\sfml-window-s-d.pdb'; linking object as if no debug info
sfml-window.lib(GlResource.cpp.obj) : warning LNK4099: PDB 'sfml-window-s-d.pdb' was not found with 'sfml-window.lib(GlResource.cpp.obj)' or at 'C:\Users\HappyHarvey\Desktop\New PROG50016 Project 1\New PROG50016 Project 1\Debug\sfml-window-s-d.pdb'; linking object as if no debug info
sfml-window.lib(Joystick.cpp.obj) : warning LNK4099: PDB 'sfml-window-s-d.pdb' was not found with 'sfml-window.lib(Joystick.cpp.obj)' or at 'C:\Users\HappyHarvey\Desktop\New PROG50016 Project 1\New PROG50016 Project 1\Debug\sfml-window-s-d.pdb'; linking object as if no debug info
sfml-window.lib(JoystickManager.cpp.obj) : warning LNK4099: PDB 'sfml-window-s-d.pdb' was not found with 'sfml-window.lib(JoystickManager.cpp.obj)' or at 'C:\Users\HappyHarvey\Desktop\New PROG50016 Project 1\New PROG50016 Project 1\Debug\sfml-window-s-d.pdb'; linking object as if no debug info
sfml-window.lib(SensorManager.cpp.obj) : warning LNK4099: PDB 'sfml-window-s-d.pdb' was not found with 'sfml-window.lib(SensorManager.cpp.obj)' or at 'C:\Users\HappyHarvey\Desktop\New PROG50016 Project 1\New PROG50016 Project 1\Debug\sfml-window-s-d.pdb'; linking object as if no debug info
sfml-window.lib(VideoMode.cpp.obj) : warning LNK4099: PDB 'sfml-window-s-d.pdb' was not found with 'sfml-window.lib(VideoMode.cpp.obj)' or at 'C:\Users\HappyHarvey\Desktop\New PROG50016 Project 1\New PROG50016 Project 1\Debug\sfml-window-s-d.pdb'; linking object as if no debug info
sfml-window.lib(Window.cpp.obj) : warning LNK4099: PDB 'sfml-window-s-d.pdb' was not found with 'sfml-window.lib(Window.cpp.obj)' or at 'C:\Users\HappyHarvey\Desktop\New PROG50016 Project 1\New PROG50016 Project 1\Debug\sfml-window-s-d.pdb'; linking object as if no debug info
sfml-window.lib(WindowImpl.cpp.obj) : warning LNK4099: PDB 'sfml-window-s-d.pdb' was not found with 'sfml-window.lib(WindowImpl.cpp.obj)' or at 'C:\Users\HappyHarvey\Desktop\New PROG50016 Project 1\New PROG50016 Project 1\Debug\sfml-window-s-d.pdb'; linking object as if no debug info
sfml-window.lib(CursorImpl.cpp.obj) : warning LNK4099: PDB 'sfml-window-s-d.pdb' was not found with 'sfml-window.lib(CursorImpl.cpp.obj)' or at 'C:\Users\HappyHarvey\Desktop\New PROG50016 Project 1\New PROG50016 Project 1\Debug\sfml-window-s-d.pdb'; linking object as if no debug info
sfml-window.lib(WglContext.cpp.obj) : warning LNK4099: PDB 'sfml-window-s-d.pdb' was not found with 'sfml-window.lib(WglContext.cpp.obj)' or at 'C:\Users\HappyHarvey\Desktop\New PROG50016 Project 1\New PROG50016 Project 1\Debug\sfml-window-s-d.pdb'; linking object as if no debug info
sfml-window.lib(WglExtensions.cpp.obj) : warning LNK4099: PDB 'sfml-window-s-d.pdb' was not found with 'sfml-window.lib(WglExtensions.cpp.obj)' or at 'C:\Users\HappyHarvey\Desktop\New PROG50016 Project 1\New PROG50016 Project 1\Debug\sfml-window-s-d.pdb'; linking object as if no debug info
sfml-window.lib(JoystickImpl.cpp.obj) : warning LNK4099: PDB 'sfml-window-s-d.pdb' was not found with 'sfml-window.lib(JoystickImpl.cpp.obj)' or at 'C:\Users\HappyHarvey\Desktop\New PROG50016 Project 1\New PROG50016 Project 1\Debug\sfml-window-s-d.pdb'; linking object as if no debug info
sfml-window.lib(SensorImpl.cpp.obj) : warning LNK4099: PDB 'sfml-window-s-d.pdb' was not found with 'sfml-window.lib(SensorImpl.cpp.obj)' or at 'C:\Users\HappyHarvey\Desktop\New PROG50016 Project 1\New PROG50016 Project 1\Debug\sfml-window-s-d.pdb'; linking object as if no debug info
sfml-window.lib(VideoModeImpl.cpp.obj) : warning LNK4099: PDB 'sfml-window-s-d.pdb' was not found with 'sfml-window.lib(VideoModeImpl.cpp.obj)' or at 'C:\Users\HappyHarvey\Desktop\New PROG50016 Project 1\New PROG50016 Project 1\Debug\sfml-window-s-d.pdb'; linking object as if no debug info
sfml-window.lib(WindowImplWin32.cpp.obj) : warning LNK4099: PDB 'sfml-window-s-d.pdb' was not found with 'sfml-window.lib(WindowImplWin32.cpp.obj)' or at 'C:\Users\HappyHarvey\Desktop\New PROG50016 Project 1\New PROG50016 Project 1\Debug\sfml-window-s-d.pdb'; linking object as if no debug info
  New PROG50016 Project 1.vcxproj -> C:\Users\HappyHarvey\Desktop\New PROG50016 Project 1\New PROG50016 Project 1\Debug\New PROG50016 Project 1.exe
