  Asteroid.cpp
C:\Users\HappyHarvey\Desktop\New PROG50016 Project1\New PROG50016 Project 1\New PROG50016 Project 1\json.hpp(282,1): warning C4267: 'return': conversion from 'size_t' to 'int', possible loss of data
C:\Users\HappyHarvey\Desktop\New PROG50016 Project1\New PROG50016 Project 1\New PROG50016 Project 1\json.hpp(295,1): warning C4267: 'return': conversion from 'size_t' to 'int', possible loss of data
C:\Users\HappyHarvey\Desktop\New PROG50016 Project1\New PROG50016 Project 1\New PROG50016 Project 1\json.hpp(297,1): warning C4267: 'return': conversion from 'size_t' to 'int', possible loss of data
C:\Users\HappyHarvey\Desktop\New PROG50016 Project1\New PROG50016 Project 1\New PROG50016 Project 1\Asteroid.cpp(24,46): warning C4244: '=': conversion from 'double' to 'float', possible loss of data
C:\Users\HappyHarvey\Desktop\New PROG50016 Project1\New PROG50016 Project 1\New PROG50016 Project 1\Asteroid.cpp(26,76): warning C4244: 'argument': conversion from 'double' to 'float', possible loss of data
C:\Users\HappyHarvey\Desktop\New PROG50016 Project1\New PROG50016 Project 1\New PROG50016 Project 1\Asteroid.cpp(26,46): warning C4244: 'argument': conversion from 'double' to 'float', possible loss of data
C:\Users\HappyHarvey\Desktop\New PROG50016 Project1\New PROG50016 Project 1\New PROG50016 Project 1\Asteroid.cpp(36,46): warning C4244: '=': conversion from 'double' to 'float', possible loss of data
C:\Users\HappyHarvey\Desktop\New PROG50016 Project1\New PROG50016 Project 1\New PROG50016 Project 1\Asteroid.cpp(38,76): warning C4244: 'argument': conversion from 'double' to 'float', possible loss of data
C:\Users\HappyHarvey\Desktop\New PROG50016 Project1\New PROG50016 Project 1\New PROG50016 Project 1\Asteroid.cpp(38,46): warning C4244: 'argument': conversion from 'double' to 'float', possible loss of data
C:\Users\HappyHarvey\Desktop\New PROG50016 Project1\New PROG50016 Project 1\New PROG50016 Project 1\Asteroid.cpp(41,91): warning C4244: 'argument': conversion from 'double' to 'float', possible loss of data
C:\Users\HappyHarvey\Desktop\New PROG50016 Project1\New PROG50016 Project 1\New PROG50016 Project 1\Asteroid.cpp(41,59): warning C4244: 'argument': conversion from 'double' to 'float', possible loss of data
  Enemy.cpp
C:\Users\HappyHarvey\Desktop\New PROG50016 Project1\New PROG50016 Project 1\New PROG50016 Project 1\json.hpp(282,1): warning C4267: 'return': conversion from 'size_t' to 'int', possible loss of data
C:\Users\HappyHarvey\Desktop\New PROG50016 Project1\New PROG50016 Project 1\New PROG50016 Project 1\json.hpp(295,1): warning C4267: 'return': conversion from 'size_t' to 'int', possible loss of data
C:\Users\HappyHarvey\Desktop\New PROG50016 Project1\New PROG50016 Project 1\New PROG50016 Project 1\json.hpp(297,1): warning C4267: 'return': conversion from 'size_t' to 'int', possible loss of data
C:\Users\HappyHarvey\Desktop\New PROG50016 Project1\New PROG50016 Project 1\New PROG50016 Project 1\Enemy.cpp(31,46): warning C4244: '=': conversion from 'double' to 'float', possible loss of data
C:\Users\HappyHarvey\Desktop\New PROG50016 Project1\New PROG50016 Project 1\New PROG50016 Project 1\Enemy.cpp(33,76): warning C4244: 'argument': conversion from 'double' to 'float', possible loss of data
C:\Users\HappyHarvey\Desktop\New PROG50016 Project1\New PROG50016 Project 1\New PROG50016 Project 1\Enemy.cpp(33,46): warning C4244: 'argument': conversion from 'double' to 'float', possible loss of data
C:\Users\HappyHarvey\Desktop\New PROG50016 Project1\New PROG50016 Project 1\New PROG50016 Project 1\Enemy.cpp(44,46): warning C4244: '=': conversion from 'double' to 'float', possible loss of data
C:\Users\HappyHarvey\Desktop\New PROG50016 Project1\New PROG50016 Project 1\New PROG50016 Project 1\Enemy.cpp(46,76): warning C4244: 'argument': conversion from 'double' to 'float', possible loss of data
C:\Users\HappyHarvey\Desktop\New PROG50016 Project1\New PROG50016 Project 1\New PROG50016 Project 1\Enemy.cpp(46,46): warning C4244: 'argument': conversion from 'double' to 'float', possible loss of data
C:\Users\HappyHarvey\Desktop\New PROG50016 Project1\New PROG50016 Project 1\New PROG50016 Project 1\Enemy.cpp(49,91): warning C4244: 'argument': conversion from 'double' to 'float', possible loss of data
C:\Users\HappyHarvey\Desktop\New PROG50016 Project1\New PROG50016 Project 1\New PROG50016 Project 1\Enemy.cpp(49,59): warning C4244: 'argument': conversion from 'double' to 'float', possible loss of data
  EnemyProjectile.cpp
C:\Users\HappyHarvey\Desktop\New PROG50016 Project1\New PROG50016 Project 1\New PROG50016 Project 1\json.hpp(282,1): warning C4267: 'return': conversion from 'size_t' to 'int', possible loss of data
C:\Users\HappyHarvey\Desktop\New PROG50016 Project1\New PROG50016 Project 1\New PROG50016 Project 1\json.hpp(295,1): warning C4267: 'return': conversion from 'size_t' to 'int', possible loss of data
C:\Users\HappyHarvey\Desktop\New PROG50016 Project1\New PROG50016 Project 1\New PROG50016 Project 1\json.hpp(297,1): warning C4267: 'return': conversion from 'size_t' to 'int', possible loss of data
C:\Users\HappyHarvey\Desktop\New PROG50016 Project1\New PROG50016 Project 1\New PROG50016 Project 1\EnemyProjectile.cpp(14,45): warning C4244: '=': conversion from 'double' to 'float', possible loss of data
C:\Users\HappyHarvey\Desktop\New PROG50016 Project1\New PROG50016 Project 1\New PROG50016 Project 1\EnemyProjectile.cpp(17,75): warning C4244: 'argument': conversion from 'double' to 'float', possible loss of data
C:\Users\HappyHarvey\Desktop\New PROG50016 Project1\New PROG50016 Project 1\New PROG50016 Project 1\EnemyProjectile.cpp(17,45): warning C4244: 'argument': conversion from 'double' to 'float', possible loss of data
  Player.cpp
C:\Users\HappyHarvey\Desktop\New PROG50016 Project1\New PROG50016 Project 1\New PROG50016 Project 1\json.hpp(282,1): warning C4267: 'return': conversion from 'size_t' to 'int', possible loss of data
C:\Users\HappyHarvey\Desktop\New PROG50016 Project1\New PROG50016 Project 1\New PROG50016 Project 1\json.hpp(295,1): warning C4267: 'return': conversion from 'size_t' to 'int', possible loss of data
C:\Users\HappyHarvey\Desktop\New PROG50016 Project1\New PROG50016 Project 1\New PROG50016 Project 1\json.hpp(297,1): warning C4267: 'return': conversion from 'size_t' to 'int', possible loss of data
C:\Users\HappyHarvey\Desktop\New PROG50016 Project1\New PROG50016 Project 1\New PROG50016 Project 1\Player.cpp(18,75): warning C4244: 'argument': conversion from 'double' to 'float', possible loss of data
C:\Users\HappyHarvey\Desktop\New PROG50016 Project1\New PROG50016 Project 1\New PROG50016 Project 1\Player.cpp(18,45): warning C4244: 'argument': conversion from 'double' to 'float', possible loss of data
  Projectile.cpp
C:\Users\HappyHarvey\Desktop\New PROG50016 Project1\New PROG50016 Project 1\New PROG50016 Project 1\json.hpp(282,1): warning C4267: 'return': conversion from 'size_t' to 'int', possible loss of data
C:\Users\HappyHarvey\Desktop\New PROG50016 Project1\New PROG50016 Project 1\New PROG50016 Project 1\json.hpp(295,1): warning C4267: 'return': conversion from 'size_t' to 'int', possible loss of data
C:\Users\HappyHarvey\Desktop\New PROG50016 Project1\New PROG50016 Project 1\New PROG50016 Project 1\json.hpp(297,1): warning C4267: 'return': conversion from 'size_t' to 'int', possible loss of data
C:\Users\HappyHarvey\Desktop\New PROG50016 Project1\New PROG50016 Project 1\New PROG50016 Project 1\Projectile.cpp(19,16): warning C4244: '=': conversion from 'long' to 'float', possible loss of data
C:\Users\HappyHarvey\Desktop\New PROG50016 Project1\New PROG50016 Project 1\New PROG50016 Project 1\Projectile.cpp(22,75): warning C4244: 'argument': conversion from 'double' to 'float', possible loss of data
C:\Users\HappyHarvey\Desktop\New PROG50016 Project1\New PROG50016 Project 1\New PROG50016 Project 1\Projectile.cpp(22,45): warning C4244: 'argument': conversion from 'double' to 'float', possible loss of data
  Generating Code...
  New PROG50016 Project 1.vcxproj -> C:\Users\HappyHarvey\Desktop\New PROG50016 Project1\New PROG50016 Project 1\x64\Debug\New PROG50016 Project 1.exe
